0 info it worked if it ends with ok
1 verbose cli [ 'node', '/Users/kazawa/.nvm/v0.10.12/bin/npm', 'start' ]
2 info using npm@3.7.2
3 info using node@v0.10.12
4 verbose run-script [ 'prestart', 'start', 'poststart' ]
5 info lifecycle ex2@0.0.0~prestart: ex2@0.0.0
6 silly lifecycle ex2@0.0.0~prestart: no script for prestart, continuing
7 info lifecycle ex2@0.0.0~start: ex2@0.0.0
8 verbose lifecycle ex2@0.0.0~start: unsafe-perm in lifecycle true
9 verbose lifecycle ex2@0.0.0~start: PATH: /Users/kazawa/.nvm/v0.10.12/lib/node_modules/npm/bin/node-gyp-bin:/Users/kazawa/nodejs/ex2/node_modules/.bin:/Users/kazawa/.nvm/v0.10.12/bin:/Users/kazawa/.nvm/v0.10.12/bin:/Users/kazawa/.rbenv/shims:/Users/kazawa/.rbenv/bin:/usr/local/bin:/usr/local/bin:/usr/bin:/bin:/usr/sbin:/sbin
10 verbose lifecycle ex2@0.0.0~start: CWD: /Users/kazawa/nodejs/ex2
11 silly lifecycle ex2@0.0.0~start: Args: [ '-c', 'node ./bin/www' ]
12 silly lifecycle ex2@0.0.0~start: Returned: code: 8  signal: null
13 info lifecycle ex2@0.0.0~start: Failed to exec start script
14 verbose stack Error: ex2@0.0.0 start: `node ./bin/www`
14 verbose stack Exit status 8
14 verbose stack     at EventEmitter.<anonymous> (/Users/kazawa/.nvm/v0.10.12/lib/node_modules/npm/lib/utils/lifecycle.js:239:16)
14 verbose stack     at EventEmitter.emit (events.js:98:17)
14 verbose stack     at ChildProcess.<anonymous> (/Users/kazawa/.nvm/v0.10.12/lib/node_modules/npm/lib/utils/spawn.js:24:14)
14 verbose stack     at ChildProcess.EventEmitter.emit (events.js:98:17)
14 verbose stack     at maybeClose (child_process.js:735:16)
14 verbose stack     at Process.ChildProcess._handle.onexit (child_process.js:802:5)
15 verbose pkgid ex2@0.0.0
16 verbose cwd /Users/kazawa/nodejs/ex2
17 error Darwin 15.3.0
18 error argv "node" "/Users/kazawa/.nvm/v0.10.12/bin/npm" "start"
19 error node v0.10.12
20 error npm  v3.7.2
21 error code ELIFECYCLE
22 error ex2@0.0.0 start: `node ./bin/www`
22 error Exit status 8
23 error Failed at the ex2@0.0.0 start script 'node ./bin/www'.
23 error Make sure you have the latest version of node.js and npm installed.
23 error If you do, this is most likely a problem with the ex2 package,
23 error not with npm itself.
23 error Tell the author that this fails on your system:
23 error     node ./bin/www
23 error You can get information on how to open an issue for this project with:
23 error     npm bugs ex2
23 error Or if that isn't available, you can get their info via:
23 error     npm owner ls ex2
23 error There is likely additional logging output above.
24 verbose exit [ 1, true ]
